<?xml version="1.0" encoding="UTF-8"?>
<!-- Generated by org.testng.reporters.JUnitReportReporter -->
<testsuite hostname="LAPTOP-8J4IF999" failures="0" tests="1" name="omayo.testcase.VerifyElementText" time="6.028" errors="0" timestamp="2023-08-19T21:46:10 IST" skipped="0">
  <testcase classname="omayo.testcase.VerifyElementText" name="verifyElementText" time="6.028"/>
</testsuite> <!-- omayo.testcase.VerifyElementText -->
