<?xml version="1.0" encoding="UTF-8"?>
<!-- Generated by org.testng.reporters.JUnitReportReporter -->
<testsuite hostname="LAPTOP-8J4IF999" failures="0" tests="1" name="omayo.testcase.CheckBtnEnable" time="6.586" errors="0" timestamp="2023-08-19T21:23:51 IST" skipped="0">
  <testcase classname="omayo.testcase.CheckBtnEnable" name="checkBtnEnable" time="6.586"/>
</testsuite> <!-- omayo.testcase.CheckBtnEnable -->
