<?xml version="1.0" encoding="UTF-8"?>
<!-- Generated by org.testng.reporters.JUnitReportReporter -->
<testsuite hostname="LAPTOP-8J4IF999" failures="0" tests="1" name="omayo.testcase.VerifyTableData" time="7.937" errors="0" timestamp="2023-08-19T21:19:23 IST" skipped="0">
  <testcase classname="omayo.testcase.VerifyTableData" name="verifyTableData" time="7.937"/>
</testsuite> <!-- omayo.testcase.VerifyTableData -->
