<?xml version="1.0" encoding="UTF-8"?>
<!-- Generated by org.testng.reporters.JUnitReportReporter -->
<testsuite hostname="LAPTOP-8J4IF999" failures="0" tests="3" name="b6.testcases.DataDivenTesting" time="25.347" errors="0" timestamp="2023-08-17T10:58:54 IST" skipped="0">
  <testcase classname="b6.testcases.DataDivenTesting" name="verifyValidLoginWithDifferentusers" time="8.486"/>
  <testcase classname="b6.testcases.DataDivenTesting" name="verifyValidLoginWithDifferentusers" time="8.699"/>
  <testcase classname="b6.testcases.DataDivenTesting" name="verifyValidLoginWithDifferentusers" time="8.162"/>
</testsuite> <!-- b6.testcases.DataDivenTesting -->
