<?xml version="1.0" encoding="UTF-8"?>
<!-- Generated by org.testng.reporters.JUnitReportReporter -->
<testsuite hostname="LAPTOP-8J4IF999" failures="0" tests="4" name="b6.testcases.TestNgpriority" time="0.026" errors="0" timestamp="2023-08-15T17:43:57 IST" skipped="0">
  <testcase classname="b6.testcases.TestNgpriority" name="xy" time="0.021"/>
  <testcase classname="b6.testcases.TestNgpriority" name="ab" time="0.002"/>
  <testcase classname="b6.testcases.TestNgpriority" name="test1" time="0.002"/>
  <testcase classname="b6.testcases.TestNgpriority" name="cd" time="0.001"/>
</testsuite> <!-- b6.testcases.TestNgpriority -->
