<?xml version="1.0" encoding="UTF-8"?>
<!-- Generated by org.testng.reporters.JUnitReportReporter -->
<testsuite hostname="LAPTOP-8J4IF999" failures="0" tests="1" name="omayo.testcase.VerifyMultiSelectFunctionalityOfDropDown" time="7.568" errors="0" timestamp="2023-08-19T13:33:38 IST" skipped="0">
  <testcase classname="omayo.testcase.VerifyMultiSelectFunctionalityOfDropDown" name="verifyMultiSelectFunctionalityOfDropDown" time="7.568"/>
</testsuite> <!-- omayo.testcase.VerifyMultiSelectFunctionalityOfDropDown -->
