<?xml version="1.0" encoding="UTF-8"?>
<!-- Generated by org.testng.reporters.JUnitReportReporter -->
<testsuite hostname="LAPTOP-8J4IF999" failures="0" tests="4" name="b6.testcases.TestNgGroups" time="0.024" errors="0" timestamp="2023-08-15T17:55:38 IST" skipped="0">
  <testcase classname="b6.testcases.TestNgGroups" name="ab" time="0.020"/>
  <testcase classname="b6.testcases.TestNgGroups" name="xy" time="0.001"/>
  <testcase classname="b6.testcases.TestNgGroups" name="cd" time="0.001"/>
  <testcase classname="b6.testcases.TestNgGroups" name="test1" time="0.002"/>
</testsuite> <!-- b6.testcases.TestNgGroups -->
